c:\users\okami\source\repos\treasuregen\treasuregen\debug\vc141.pdb
c:\users\okami\source\repos\treasuregen\treasuregen\debug\vc141.idb
c:\users\okami\source\repos\treasuregen\treasuregen\debug\main.obj
c:\users\okami\source\repos\treasuregen\treasuregen\debug\treasure.obj
c:\users\okami\source\repos\treasuregen\treasuregen\debug\texture.obj
c:\users\okami\source\repos\treasuregen\treasuregen\debug\vector2d.obj
c:\users\okami\source\repos\treasuregen\treasuregen\debug\game.obj
c:\users\okami\desktop\fieaportfolio\treasuregen\treasuregen\debug\vc141.pdb
c:\users\okami\desktop\fieaportfolio\treasuregen\treasuregen\debug\vc141.idb
c:\users\okami\desktop\fieaportfolio\treasuregen\treasuregen\debug\game.obj
c:\users\okami\desktop\fieaportfolio\treasuregen\treasuregen\debug\main.obj
c:\users\okami\desktop\fieaportfolio\treasuregen\treasuregen\debug\texture.obj
c:\users\okami\desktop\fieaportfolio\treasuregen\treasuregen\debug\treasure.obj
c:\users\okami\desktop\fieaportfolio\treasuregen\treasuregen\debug\vector2d.obj
c:\users\okami\source\repos\treasuregen\debug\treasuregen.exe
c:\users\okami\source\repos\treasuregen\debug\treasuregen.ilk
c:\users\okami\source\repos\treasuregen\debug\treasuregen.pdb
c:\users\okami\desktop\fieaportfolio\treasuregen\debug\treasuregen.exe
c:\users\okami\desktop\fieaportfolio\treasuregen\debug\treasuregen.ilk
c:\users\okami\desktop\fieaportfolio\treasuregen\debug\treasuregen.pdb
c:\users\okami\desktop\fieaportfolio\treasuregen\treasuregen\debug\treasuregen.tlog\cl.command.1.tlog
c:\users\okami\desktop\fieaportfolio\treasuregen\treasuregen\debug\treasuregen.tlog\cl.read.1.tlog
c:\users\okami\desktop\fieaportfolio\treasuregen\treasuregen\debug\treasuregen.tlog\cl.write.1.tlog
c:\users\okami\desktop\fieaportfolio\treasuregen\treasuregen\debug\treasuregen.tlog\link.command.1.tlog
c:\users\okami\desktop\fieaportfolio\treasuregen\treasuregen\debug\treasuregen.tlog\link.read.1.tlog
c:\users\okami\desktop\fieaportfolio\treasuregen\treasuregen\debug\treasuregen.tlog\link.write.1.tlog
